<?xml version="1.0" encoding="UTF-8"?>
<!-- Generated by org.testng.reporters.JUnitReportReporter -->
<testsuite skipped="0" hostname="DESKTOP-SB473LA" name="Testscenarios.cartpage" tests="1" failures="0" timestamp="17 Apr 2022 07:32:57 GMT" time="17.652" errors="0">
  <testcase name="cartvalidation" time="17.652" classname="Testscenarios.cartpage"/>
</testsuite> <!-- Testscenarios.cartpage -->
