<?xml version="1.0" encoding="UTF-8"?>
<!-- Generated by org.testng.reporters.JUnitReportReporter -->
<testsuite hostname="DESKTOP-SB473LA" name="Testscenarios.homepage" tests="2" failures="0" timestamp="17 Apr 2022 07:30:20 GMT" time="12.968" errors="0">
  <testcase name="homepagetitle" time="12.968" classname="Testscenarios.homepage"/>
  <testcase name="homepagelogo" time="0.000" classname="Testscenarios.homepage"/>
</testsuite> <!-- Testscenarios.homepage -->
