<?xml version="1.0" encoding="UTF-8"?>
<!-- Generated by org.testng.reporters.JUnitReportReporter -->
<testsuite hostname="DESKTOP-SB473LA" name="Testscenarios.cartpage" tests="1" failures="0" timestamp="17 Apr 2022 07:30:20 GMT" time="18.085" errors="0">
  <testcase name="cartvalidation" time="18.085" classname="Testscenarios.cartpage"/>
</testsuite> <!-- Testscenarios.cartpage -->
